<?xml version="1.0" encoding="UTF-8"?>
<!-- Generated by org.testng.reporters.JUnitReportReporter -->
<testsuite skipped="0" hostname="murugamanisubbaiah" name="com.Testing.AmazonTesting" tests="3" failures="0" timestamp="12 Mar 2022 16:22:58 GMT" time="44.132" errors="0">
  <testcase name="login" time="14.764" classname="com.Testing.AmazonTesting"/>
  <testcase name="search" time="17.709" classname="com.Testing.AmazonTesting"/>
  <testcase name="cartdetails" time="11.659" classname="com.Testing.AmazonTesting"/>
</testsuite> <!-- com.Testing.AmazonTesting -->
